2024/04/14 19:41:47 server.go:24: Init Crypto Server
2024/04/14 19:41:47 server.go:25: Starting Server....
2024/04/14 19:41:47 server.go:48: Listing on port :4480
2024/04/14 19:41:48 mongohelper.go:40: Connected to mongoDB!!!
2024/04/14 19:41:48 cryptowebsocketService.go:110: no documents found for the params examId :
2024/04/14 19:42:51 requestRoute.go:96: In GetPreviousData
2024/04/14 19:42:51 requestRoute.go:96: In GetPreviousData
2024/04/14 19:43:37 server.go:66: Shutting down server...
2024/04/14 19:43:42 server.go:24: Init Crypto Server
2024/04/14 19:43:42 server.go:25: Starting Server....
2024/04/14 19:43:42 server.go:48: Listing on port :4480
2024/04/14 19:43:56 requestRoute.go:96: In GetPreviousData
2024/04/14 19:43:56 mongohelper.go:40: Connected to mongoDB!!!
2024/04/14 19:43:56 requestRoute.go:96: In GetPreviousData
2024/04/14 19:44:08 cron.go:24: in StartCronForCoin
2024/04/14 19:45:00 cryptowebsocketService.go:137: No Data found in cache for  BTC
2024/04/14 19:45:00 cryptowebsocketService.go:207: Data inserted for  BTC  on  2024-04-15 01:15:00.0069297 +0530 IST m=+77.764288001 count 53
2024/04/14 19:46:26 requestRoute.go:96: In GetPreviousData
2024/04/14 19:46:26 requestRoute.go:96: In GetPreviousData
2024/04/14 19:49:59 requestRoute.go:96: In GetPreviousData
2024/04/14 19:49:59 requestRoute.go:96: In GetPreviousData
2024/04/14 19:55:55 requestRoute.go:96: In GetPreviousData
2024/04/14 19:55:55 requestRoute.go:96: In GetPreviousData
2024/04/14 19:56:33 requestRoute.go:96: In GetPreviousData
2024/04/14 19:56:33 requestRoute.go:96: In GetPreviousData
2024/04/14 20:02:32 requestRoute.go:96: In GetPreviousData
2024/04/14 20:02:32 requestRoute.go:96: In GetPreviousData
2024/04/14 20:04:18 requestRoute.go:96: In GetPreviousData
2024/04/14 20:04:18 requestRoute.go:96: In GetPreviousData
2024/04/14 20:08:18 requestRoute.go:96: In GetPreviousData
2024/04/14 20:08:18 requestRoute.go:96: In GetPreviousData
2024/04/14 20:08:54 server.go:66: Shutting down server...
2024/04/14 20:08:58 server.go:24: Init Crypto Server
2024/04/14 20:08:58 server.go:25: Starting Server....
2024/04/14 20:08:58 server.go:48: Listing on port :4480
2024/04/14 20:09:11 requestRoute.go:96: In GetPreviousData
2024/04/14 20:09:11 mongohelper.go:40: Connected to mongoDB!!!
2024/04/14 20:09:11 requestRoute.go:96: In GetPreviousData
2024/04/14 20:09:19 cron.go:24: in StartCronForCoin
2024/04/14 20:11:48 server.go:66: Shutting down server...
2024/04/14 20:11:52 server.go:24: Init Crypto Server
2024/04/14 20:11:52 server.go:25: Starting Server....
2024/04/14 20:11:52 server.go:48: Listing on port :4480
2024/04/14 20:12:05 requestRoute.go:96: In GetPreviousData
2024/04/14 20:12:05 mongohelper.go:40: Connected to mongoDB!!!
2024/04/14 20:12:06 requestRoute.go:96: In GetPreviousData
2024/04/14 20:12:13 cron.go:24: in StartCronForCoin
2024/04/14 20:15:59 server.go:66: Shutting down server...
2024/04/14 20:16:06 server.go:24: Init Crypto Server
2024/04/14 20:16:06 server.go:25: Starting Server....
2024/04/14 20:16:06 server.go:48: Listing on port :4480
2024/04/14 20:16:33 cron.go:24: in StartCronForCoin
2024/04/14 20:16:43 cryptowebsocketService.go:137: No Data found in cache for  BTC
2024/04/14 20:16:43 mongohelper.go:40: Connected to mongoDB!!!
2024/04/14 20:16:43 cryptowebsocketService.go:207: Data inserted for  BTC  on  2024-04-15 01:46:43.0345882 +0530 IST m=+36.367406201 count 53
2024/04/14 20:17:03 server.go:66: Shutting down server...
2024/04/14 20:17:07 server.go:24: Init Crypto Server
2024/04/14 20:17:07 server.go:25: Starting Server....
2024/04/14 20:17:07 server.go:48: Listing on port :4480
2024/04/14 20:19:12 cron.go:24: in StartCronForCoin
2024/04/14 20:19:42 cryptowebsocketService.go:137: No Data found in cache for  BTC
2024/04/14 20:19:42 mongohelper.go:40: Connected to mongoDB!!!
2024/04/14 20:19:42 cryptowebsocketService.go:207: Data inserted for  BTC  on  2024-04-15 01:49:42.0402523 +0530 IST m=+154.269557001 count 53
2024/04/14 20:21:06 requestRoute.go:96: In GetPreviousData
2024/04/14 20:21:06 requestRoute.go:96: In GetPreviousData
2024/04/14 20:27:04 server.go:24: Init Crypto Server
2024/04/14 20:27:04 server.go:25: Starting Server....
2024/04/14 20:27:04 server.go:48: Listing on port :4480
2024/04/14 20:27:24 requestDAO.go:219: IN : GetNextHourDataDAO
2024/04/14 20:27:24 requestDAO.go:220: IN GetCoinDataFromAPIDAO
2024/04/14 20:27:24 mongohelper.go:40: Connected to mongoDB!!!
2024/04/14 20:27:35 requestRoute.go:96: In GetPreviousData
2024/04/14 20:27:35 requestRoute.go:96: In GetPreviousData
2024/04/14 20:27:59 requestRoute.go:96: In GetPreviousData
2024/04/14 20:27:59 requestRoute.go:96: In GetPreviousData
2024/04/14 20:29:22 requestRoute.go:96: In GetPreviousData
2024/04/14 20:29:38 requestRoute.go:96: In GetPreviousData
2024/04/14 20:29:38 requestRoute.go:96: In GetPreviousData
2024/04/14 20:29:51 requestRoute.go:96: In GetPreviousData
2024/04/14 20:29:55 requestRoute.go:96: In GetPreviousData
2024/04/14 20:29:55 requestRoute.go:96: In GetPreviousData
2024/04/14 20:30:01 requestRoute.go:96: In GetPreviousData
2024/04/14 20:30:01 requestRoute.go:96: In GetPreviousData
2024/04/14 20:30:12 requestRoute.go:96: In GetPreviousData
2024/04/14 20:30:12 requestRoute.go:96: In GetPreviousData
2024/04/14 20:30:35 requestRoute.go:96: In GetPreviousData
2024/04/14 20:30:35 requestRoute.go:96: In GetPreviousData
2024/04/14 20:30:40 requestRoute.go:96: In GetPreviousData
2024/04/14 20:30:40 requestRoute.go:96: In GetPreviousData
2024/04/14 20:31:20 requestRoute.go:96: In GetPreviousData
2024/04/14 20:31:29 requestRoute.go:96: In GetPreviousData
2024/04/14 20:31:29 requestRoute.go:96: In GetPreviousData
2024/04/14 20:31:57 requestRoute.go:96: In GetPreviousData
2024/04/14 20:31:57 requestRoute.go:96: In GetPreviousData
2024/04/14 20:32:23 requestRoute.go:96: In GetPreviousData
2024/04/14 20:32:28 requestRoute.go:96: In GetPreviousData
2024/04/14 20:32:28 requestRoute.go:96: In GetPreviousData
2024/04/14 20:32:36 requestRoute.go:96: In GetPreviousData
2024/04/14 20:32:44 requestRoute.go:96: In GetPreviousData
2024/04/14 20:32:44 requestRoute.go:96: In GetPreviousData
2024/04/14 20:32:52 requestRoute.go:96: In GetPreviousData
2024/04/14 20:32:52 requestRoute.go:96: In GetPreviousData
2024/04/14 20:33:01 requestRoute.go:96: In GetPreviousData
2024/04/14 20:33:25 requestRoute.go:96: In GetPreviousData
2024/04/14 20:33:25 requestRoute.go:96: In GetPreviousData
2024/04/14 20:33:47 requestRoute.go:96: In GetPreviousData
2024/04/14 20:33:57 requestRoute.go:96: In GetPreviousData
2024/04/14 20:33:57 requestRoute.go:96: In GetPreviousData
2024/04/14 20:34:22 requestRoute.go:96: In GetPreviousData
2024/04/14 20:34:22 requestRoute.go:96: In GetPreviousData
2024/04/14 20:35:22 requestRoute.go:96: In GetPreviousData
2024/04/14 20:35:26 requestRoute.go:96: In GetPreviousData
2024/04/14 20:35:26 requestRoute.go:96: In GetPreviousData
2024/04/14 20:35:26 requestRoute.go:96: In GetPreviousData
2024/04/14 20:35:26 requestRoute.go:96: In GetPreviousData
2024/04/14 20:36:00 requestRoute.go:96: In GetPreviousData
2024/04/14 20:36:00 requestRoute.go:96: In GetPreviousData
2024/04/14 20:36:00 requestRoute.go:96: In GetPreviousData
2024/04/14 20:36:00 requestRoute.go:96: In GetPreviousData
2024/04/14 20:37:17 requestRoute.go:96: In GetPreviousData
2024/04/14 20:37:17 requestRoute.go:96: In GetPreviousData
2024/04/14 20:37:18 requestRoute.go:96: In GetPreviousData
2024/04/14 20:37:18 requestRoute.go:96: In GetPreviousData
2024/04/14 20:37:57 requestRoute.go:96: In GetPreviousData
2024/04/14 20:37:57 requestRoute.go:96: In GetPreviousData
2024/04/14 20:37:58 requestRoute.go:96: In GetPreviousData
2024/04/14 20:37:58 requestRoute.go:96: In GetPreviousData
2024/04/14 20:56:30 requestRoute.go:96: In GetPreviousData
2024/04/14 20:56:30 requestRoute.go:96: In GetPreviousData
2024/04/14 20:56:31 requestRoute.go:96: In GetPreviousData
2024/04/14 20:56:31 requestRoute.go:96: In GetPreviousData
2024/04/14 20:58:03 requestRoute.go:96: In GetPreviousData
2024/04/14 20:58:03 requestRoute.go:96: In GetPreviousData
2024/04/14 20:58:04 requestRoute.go:96: In GetPreviousData
2024/04/14 20:58:04 requestRoute.go:96: In GetPreviousData
2024/04/15 15:15:08 server.go:24: Init Crypto Server
2024/04/15 15:15:08 server.go:25: Starting Server....
2024/04/15 15:15:08 server.go:48: Listing on port :4480
2024/04/15 15:15:42 requestDAO.go:219: IN : GetNextHourDataDAO
2024/04/15 15:15:42 requestDAO.go:220: IN GetCoinDataFromAPIDAO
2024/04/15 15:15:42 mongohelper.go:40: Connected to mongoDB!!!
2024/04/15 15:15:53 requestRoute.go:96: In GetPreviousData
2024/04/15 15:15:53 requestRoute.go:96: In GetPreviousData
2024/04/15 15:15:53 requestRoute.go:96: In GetPreviousData
2024/04/15 15:15:53 requestRoute.go:96: In GetPreviousData
2024/04/15 15:17:10 requestRoute.go:96: In GetPreviousData
2024/04/15 15:17:10 requestRoute.go:96: In GetPreviousData
2024/04/15 15:17:38 requestRoute.go:96: In GetPreviousData
2024/04/15 15:17:38 requestRoute.go:96: In GetPreviousData
2024/04/15 15:17:59 cron.go:24: in StartCronForCoin
2024/04/15 15:18:29 cryptowebsocketService.go:137: No Data found in cache for  BTC
2024/04/15 15:18:29 cryptowebsocketService.go:207: Data inserted for  BTC  on  2024-04-15 20:48:29.0196519 +0530 IST m=+200.521361801 count 16
2024/04/15 15:18:42 server.go:24: Init Crypto Server
2024/04/15 15:18:42 server.go:25: Starting Server....
2024/04/15 15:18:42 server.go:48: Listing on port :4480
2024/04/15 15:19:13 requestRoute.go:96: In GetPreviousData
2024/04/15 15:19:13 mongohelper.go:40: Connected to mongoDB!!!
2024/04/15 15:19:13 requestRoute.go:96: In GetPreviousData
2024/04/15 15:20:05 requestRoute.go:96: In GetPreviousData
2024/04/15 15:20:05 requestRoute.go:96: In GetPreviousData
2024/04/15 15:20:12 cron.go:24: in StartCronForCoin
2024/04/15 15:20:42 cryptowebsocketService.go:137: No Data found in cache for  BTC
2024/04/15 15:20:42 cryptowebsocketService.go:207: Data inserted for  BTC  on  2024-04-15 20:50:42.0120041 +0530 IST m=+119.715409701 count 16
2024/04/15 15:24:08 server.go:24: Init Crypto Server
2024/04/15 15:24:08 server.go:25: Starting Server....
2024/04/15 15:24:08 server.go:48: Listing on port :4480
2024/04/15 15:24:22 requestDAO.go:219: IN : GetNextHourDataDAO
2024/04/15 15:24:22 requestDAO.go:220: IN GetCoinDataFromAPIDAO
2024/04/15 15:24:22 mongohelper.go:40: Connected to mongoDB!!!
2024/04/15 15:26:40 requestRoute.go:96: In GetPreviousData
2024/04/15 15:26:40 requestRoute.go:96: In GetPreviousData
2024/04/15 15:28:51 requestRoute.go:96: In GetPreviousData
2024/04/15 15:28:51 requestRoute.go:96: In GetPreviousData
2024/04/15 15:30:10 cron.go:24: in StartCronForCoin
2024/04/15 15:30:40 cryptowebsocketService.go:137: No Data found in cache for  BTC
2024/04/15 15:30:40 cryptowebsocketService.go:207: Data inserted for  BTC  on  2024-04-15 21:00:40.028372 +0530 IST m=+391.358087001 count 101
2024/04/15 15:30:40 requestRoute.go:96: In GetPreviousData
2024/04/15 15:33:16 requestRoute.go:96: In GetPreviousData
2024/04/15 15:33:17 requestRoute.go:96: In GetPreviousData
2024/04/15 15:37:28 requestRoute.go:96: In GetPreviousData
2024/04/15 15:37:28 requestRoute.go:96: In GetPreviousData
2024/04/15 15:38:28 requestRoute.go:120: Corn For BTC is Already running
2024/04/15 15:38:46 server.go:66: Shutting down server...
2024/04/15 15:38:50 server.go:24: Init Crypto Server
2024/04/15 15:38:50 server.go:25: Starting Server....
2024/04/15 15:38:50 server.go:48: Listing on port :4480
2024/04/15 15:39:17 requestRoute.go:96: In GetPreviousData
2024/04/15 15:39:17 requestRoute.go:96: In GetPreviousData
2024/04/15 15:39:17 mongohelper.go:40: Connected to mongoDB!!!
2024/04/15 15:39:28 cron.go:24: in StartCronForCoin
2024/04/15 15:39:58 cryptowebsocketService.go:137: No Data found in cache for  BTC
2024/04/15 15:39:58 cryptowebsocketService.go:207: Data inserted for  BTC  on  2024-04-15 21:09:58.0073003 +0530 IST m=+67.771089501 count 101
2024/04/15 15:40:57 requestRoute.go:96: In GetPreviousData
2024/04/15 15:40:57 requestRoute.go:96: In GetPreviousData
2024/04/15 15:43:54 requestRoute.go:96: In GetPreviousData
2024/04/15 15:43:54 requestRoute.go:96: In GetPreviousData
2024/04/15 15:44:00 requestRoute.go:96: In GetPreviousData
2024/04/15 15:44:00 requestRoute.go:96: In GetPreviousData
2024/04/15 15:44:36 requestRoute.go:96: In GetPreviousData
2024/04/15 15:44:36 requestRoute.go:96: In GetPreviousData
2024/04/15 15:49:49 requestRoute.go:96: In GetPreviousData
2024/04/15 15:49:50 requestRoute.go:96: In GetPreviousData
2024/04/15 15:50:31 requestRoute.go:96: In GetPreviousData
2024/04/15 15:50:31 requestRoute.go:96: In GetPreviousData
2024/04/15 15:50:55 requestRoute.go:96: In GetPreviousData
2024/04/15 15:50:55 requestRoute.go:96: In GetPreviousData
2024/04/15 15:53:34 requestDAO.go:219: IN : GetNextHourDataDAO
2024/04/15 15:53:34 requestDAO.go:220: IN GetCoinDataFromAPIDAO
2024/04/15 15:53:46 requestRoute.go:96: In GetPreviousData
2024/04/15 15:53:47 requestRoute.go:96: In GetPreviousData
2024/04/15 15:54:38 requestDAO.go:219: IN : GetNextHourDataDAO
2024/04/15 15:54:38 requestDAO.go:220: IN GetCoinDataFromAPIDAO
2024/04/15 15:56:06 requestRoute.go:96: In GetPreviousData
2024/04/15 15:56:06 requestRoute.go:96: In GetPreviousData
2024/04/15 15:56:41 requestRoute.go:96: In GetPreviousData
2024/04/15 15:57:49 requestRoute.go:96: In GetPreviousData
2024/04/15 15:57:49 requestRoute.go:96: In GetPreviousData
2024/04/15 15:57:56 requestRoute.go:96: In GetPreviousData
2024/04/15 15:57:56 requestRoute.go:96: In GetPreviousData
2024/04/15 15:58:12 requestRoute.go:96: In GetPreviousData
2024/04/15 15:58:12 requestRoute.go:96: In GetPreviousData
2024/04/15 15:59:03 requestRoute.go:96: In GetPreviousData
2024/04/15 15:59:03 requestRoute.go:96: In GetPreviousData
2024/04/15 15:59:47 requestRoute.go:96: In GetPreviousData
2024/04/15 15:59:48 requestRoute.go:96: In GetPreviousData
2024/04/15 16:38:36 requestRoute.go:96: In GetPreviousData
2024/04/15 16:38:36 requestRoute.go:96: In GetPreviousData
2024/04/15 16:41:02 requestRoute.go:96: In GetPreviousData
2024/04/15 16:41:02 requestRoute.go:96: In GetPreviousData
2024/04/15 16:51:20 requestRoute.go:96: In GetPreviousData
2024/04/15 16:51:20 requestRoute.go:96: In GetPreviousData
2024/04/15 16:52:45 requestRoute.go:120: Corn For BTC is Already running
2024/04/16 08:41:22 requestRoute.go:96: In GetPreviousData
2024/04/16 08:41:22 requestRoute.go:96: In GetPreviousData
2024/04/17 18:41:44 requestRoute.go:96: In GetPreviousData
2024/04/17 18:42:02 requestDAO.go:219: IN : GetNextHourDataDAO
2024/04/17 18:42:02 requestDAO.go:220: IN GetCoinDataFromAPIDAO
2024/04/17 18:45:56 requestRoute.go:96: In GetPreviousData
2024/04/17 18:45:56 requestRoute.go:96: In GetPreviousData
2024/04/17 18:46:00 requestRoute.go:96: In GetPreviousData
2024/04/17 18:46:00 requestRoute.go:96: In GetPreviousData
2024/04/17 18:46:03 requestRoute.go:96: In GetPreviousData
2024/04/17 18:46:04 requestRoute.go:96: In GetPreviousData
2024/04/17 18:46:07 requestRoute.go:96: In GetPreviousData
2024/04/17 18:46:07 requestRoute.go:96: In GetPreviousData
2024/04/17 18:46:11 requestRoute.go:96: In GetPreviousData
2024/04/17 18:46:11 requestRoute.go:96: In GetPreviousData
2024/04/17 18:48:01 server.go:66: Shutting down server...
