2024/04/09 19:22:38 server.go:23: Init Crypto Server
2024/04/09 19:22:38 server.go:24: Starting Server....
2024/04/09 19:22:38 server.go:40: Listing on port :4480
2024/04/09 19:23:29 requestDAO.go:172: IN GetNext24HoursPriceDAO
2024/04/09 19:23:29 mongohelper.go:40: Connected to mongoDB!!!
2024/04/09 19:23:29 requestDAO.go:62: IN GetCoinDataFromAPIDAO
2024/04/09 20:20:13 requestDAO.go:172: IN GetNext24HoursPriceDAO
2024/04/09 20:20:13 requestDAO.go:62: IN GetCoinDataFromAPIDAO
2024/04/09 20:22:53 server.go:58: Shutting down server...
2024/04/09 20:22:59 server.go:23: Init Crypto Server
2024/04/09 20:22:59 server.go:24: Starting Server....
2024/04/09 20:22:59 server.go:40: Listing on port :4480
2024/04/09 20:23:15 mongohelper.go:40: Connected to mongoDB!!!
2024/04/09 20:23:45 server.go:58: Shutting down server...
2024/04/09 20:23:48 server.go:23: Init Crypto Server
2024/04/09 20:23:48 server.go:24: Starting Server....
2024/04/09 20:23:48 server.go:40: Listing on port :4480
2024/04/09 20:24:25 server.go:58: Shutting down server...
2024/04/09 20:24:25 mongohelper.go:40: Connected to mongoDB!!!
2024/04/09 20:26:14 server.go:23: Init Crypto Server
2024/04/09 20:26:14 server.go:24: Starting Server....
2024/04/09 20:26:14 server.go:40: Listing on port :4480
2024/04/09 20:26:27 mongohelper.go:40: Connected to mongoDB!!!
2024/04/09 20:29:08 server.go:58: Shutting down server...
2024/04/09 20:36:35 server.go:23: Init Crypto Server
2024/04/09 20:36:35 server.go:24: Starting Server....
2024/04/09 20:36:35 server.go:40: Listing on port :4480
2024/04/09 20:56:42 server.go:58: Shutting down server...
2024/04/09 20:56:42 mongohelper.go:40: Connected to mongoDB!!!
2024/04/09 20:58:08 server.go:23: Init Crypto Server
2024/04/09 20:58:08 server.go:24: Starting Server....
2024/04/09 20:58:08 server.go:40: Listing on port :4480
2024/04/09 20:58:28 mongohelper.go:40: Connected to mongoDB!!!
2024/04/09 20:58:28 cryptowebsocketService.go:107: no documents found for the params examId :
2024/04/09 21:00:12 server.go:58: Shutting down server...
2024/04/09 21:00:16 server.go:23: Init Crypto Server
2024/04/09 21:00:16 server.go:24: Starting Server....
2024/04/09 21:00:16 server.go:40: Listing on port :4480
2024/04/09 21:00:29 mongohelper.go:40: Connected to mongoDB!!!
2024/04/09 21:00:29 cryptowebsocketService.go:107: no documents found for the params examId :
2024/04/09 21:01:48 server.go:58: Shutting down server...
2024/04/09 21:01:51 server.go:23: Init Crypto Server
2024/04/09 21:01:51 server.go:24: Starting Server....
2024/04/09 21:01:51 server.go:40: Listing on port :4480
2024/04/09 21:02:12 mongohelper.go:40: Connected to mongoDB!!!
2024/04/09 21:02:12 cryptowebsocketService.go:107: no documents found for the params examId :
2024/04/09 21:03:19 requestDAO.go:172: IN GetNext24HoursPriceDAO
2024/04/09 21:03:19 requestDAO.go:62: IN GetCoinDataFromAPIDAO
2024/04/09 21:03:53 server.go:58: Shutting down server...
2024/04/09 21:03:56 server.go:23: Init Crypto Server
2024/04/09 21:03:56 server.go:24: Starting Server....
2024/04/09 21:03:56 server.go:40: Listing on port :4480
2024/04/09 21:04:22 mongohelper.go:40: Connected to mongoDB!!!
2024/04/09 21:06:27 server.go:58: Shutting down server...
