2024/04/13 18:49:56 server.go:24: Init Crypto Server
2024/04/13 18:49:56 server.go:25: Starting Server....
2024/04/13 18:49:56 server.go:48: Listing on port :4480
2024/04/13 18:50:18 requestDAO.go:219: IN : GetNextHourDataDAO
2024/04/13 18:50:18 requestDAO.go:220: IN GetCoinDataFromAPIDAO
2024/04/13 18:50:18 mongohelper.go:40: Connected to mongoDB!!!
2024/04/13 18:50:30 requestRoute.go:96: In GetPreviousData
2024/04/13 18:50:30 requestRoute.go:96: In GetPreviousData
2024/04/13 18:58:48 requestRoute.go:96: In GetPreviousData
2024/04/13 18:58:48 requestRoute.go:96: In GetPreviousData
2024/04/13 18:58:48 cryptowebsocketService.go:110: no documents found for the params examId :
2024/04/13 19:00:42 cron.go:24: in StartCronForCoin
2024/04/13 19:01:00 cryptowebsocketService.go:137: No Data found in cache for  BTC
2024/04/13 19:01:00 cryptowebsocketService.go:207: Data inserted for  BTC  on  2024-04-14 00:31:00.0186635 +0530 IST m=+663.716564701 count 56
2024/04/13 19:01:39 requestRoute.go:96: In GetPreviousData
2024/04/13 19:01:39 requestRoute.go:96: In GetPreviousData
2024/04/13 19:03:11 requestRoute.go:96: In GetPreviousData
2024/04/13 19:03:11 requestRoute.go:96: In GetPreviousData
2024/04/13 19:04:46 requestRoute.go:96: In GetPreviousData
2024/04/13 19:04:46 requestRoute.go:96: In GetPreviousData
2024/04/14 19:37:43 requestRoute.go:96: In GetPreviousData
2024/04/14 19:37:43 requestRoute.go:96: In GetPreviousData
2024/04/14 19:38:09 requestRoute.go:96: In GetPreviousData
2024/04/14 19:38:18 requestDAO.go:219: IN : GetNextHourDataDAO
2024/04/14 19:38:18 requestDAO.go:220: IN GetCoinDataFromAPIDAO
2024/04/14 19:38:26 requestRoute.go:96: In GetPreviousData
2024/04/14 19:38:26 requestRoute.go:96: In GetPreviousData
2024/04/14 19:39:13 requestRoute.go:120: Corn For BTC is Already running
2024/04/14 19:41:40 server.go:66: Shutting down server...
